<?xml version="1.0" encoding="UTF-8"?>
<!-- Generated by org.testng.reporters.JUnitReportReporter -->
<testsuite hostname="APT04-9K3Y9K3" failures="0" tests="2" name="testng.CreateCustomer" time="0.007" errors="0" timestamp="20 Aug 2025 05:35:49 GMT" skipped="0">
  <testcase classname="testng.CreateCustomer" name="modifyCustomer" time="0.001"/>
  <testcase classname="testng.CreateCustomer" name="CreateCustomer1" time="0.006"/>
</testsuite> <!-- testng.CreateCustomer -->
