<?xml version="1.0" encoding="UTF-8"?>
<!-- Generated by org.testng.reporters.JUnitReportReporter -->
<testsuite hostname="APT04-9K3Y9K3" failures="0" tests="1" name="com.testng.annotations.User" time="0.007" errors="0" timestamp="29 Aug 2025 02:45:58 GMT" skipped="0">
  <testcase classname="com.testng.annotations.User" name="createUser" time="0.007"/>
</testsuite> <!-- com.testng.annotations.User -->
