<?xml version="1.0" encoding="UTF-8"?>
<!-- Generated by org.testng.reporters.JUnitReportReporter -->
<testsuite hostname="APT04-9K3Y9K3" failures="0" tests="5" name="testng.UserModule" time="0.007" errors="0" timestamp="20 Aug 2025 02:49:55 GMT" skipped="0">
  <testcase classname="testng.UserModule" name="createUser" time="0.006"/>
  <testcase classname="testng.UserModule" name="modifyUser" time="0.001"/>
  <testcase classname="testng.UserModule" name="deleteUser" time="0.000"/>
  <testcase classname="testng.UserModule" name="deleteUser" time="0.000"/>
  <testcase classname="testng.UserModule" name="deleteUser" time="0.000"/>
</testsuite> <!-- testng.UserModule -->
