<?xml version="1.0" encoding="UTF-8"?>
<!-- Generated by org.testng.reporters.JUnitReportReporter -->
<testsuite hostname="APT04-9K3Y9K3" failures="0" tests="1" name="com.testng.annotations.Item" time="0.002" errors="0" timestamp="29 Aug 2025 02:45:58 GMT" skipped="0">
  <testcase classname="com.testng.annotations.Item" name="createItem" time="0.002"/>
</testsuite> <!-- com.testng.annotations.Item -->
