<?xml version="1.0" encoding="UTF-8"?>
<!-- Generated by org.testng.reporters.JUnitReportReporter -->
<testsuite hostname="APT04-9K3Y9K3" failures="0" tests="2" name="testng.TestNG1" time="0.008" errors="0" timestamp="19 Aug 2025 18:36:13 GMT" skipped="0">
  <testcase classname="testng.TestNG1" name="modifyCustomer" time="0.001"/>
  <testcase classname="testng.TestNG1" name="createCustomer" time="0.007"/>
</testsuite> <!-- testng.TestNG1 -->
