<?xml version="1.0" encoding="UTF-8"?>
<!-- Generated by org.testng.reporters.JUnitReportReporter -->
<testsuite hostname="APT04-9K3Y9K3" failures="0" tests="1" name="com.kanva.testscripts.Sample" time="0.010" errors="0" timestamp="2025-09-23T00:13:58 IST" skipped="0">
  <testcase classname="com.kanva.testscripts.Sample" name="openBrowser" time="0.010">
    <system-out>
      <![CDATA[Test Output]]>
    </system-out>
  </testcase> <!-- openBrowser -->
  <system-out>
    <![CDATA[Test Output]]>
  </system-out>
</testsuite> <!-- com.kanva.testscripts.Sample -->
