<?xml version="1.0" encoding="UTF-8"?>
<!-- Generated by org.testng.reporters.JUnitReportReporter -->
<testsuite hostname="APT04-9K3Y9K3" failures="0" tests="1" name="com.kanva.testscripts.Test2" time="0.001" errors="0" timestamp="2025-09-24T11:23:29 IST" skipped="0">
  <testcase classname="com.kanva.testscripts.Test2" name="closeBrowser" time="0.001">
    <system-out>
      <![CDATA[Close Browser]]>
    </system-out>
  </testcase> <!-- closeBrowser -->
  <system-out>
    <![CDATA[Test Output
Close Browser]]>
  </system-out>
</testsuite> <!-- com.kanva.testscripts.Test2 -->
